٢٠٢٣-١٢-١١ ٠٠:٢٧:١١.٩٩٧  INFO 12452 --- [main] c.example.demo.SareetaApplicationTests   : Starting SareetaApplicationTests on DESKTOP-PGGAE3H with PID 12452 (started by Mteb7 in C:\Users\Mteb7\OneDrive\سطح المكتب\nd035-c4-Security-and-DevOps\starter_code)
٢٠٢٣-١٢-١١ ٠٠:٢٧:١٢.٠٠٠  INFO 12452 --- [main] c.example.demo.SareetaApplicationTests   : No active profile set, falling back to default profiles: default
٢٠٢٣-١٢-١١ ٠٠:٢٧:١٣.٠٥٣  INFO 12452 --- [main] .s.d.r.c.RepositoryConfigurationDelegate : Bootstrapping Spring Data JPA repositories in DEFAULT mode.
٢٠٢٣-١٢-١١ ٠٠:٢٧:١٣.٢١٢  INFO 12452 --- [main] .s.d.r.c.RepositoryConfigurationDelegate : Finished Spring Data repository scanning in 137ms. Found 4 JPA repository interfaces.
٢٠٢٣-١٢-١١ ٠٠:٢٧:١٤.٨٠٧  INFO 12452 --- [main] o.hibernate.jpa.internal.util.LogHelper  : HHH000204: Processing PersistenceUnitInfo [name: default]
٢٠٢٣-١٢-١١ ٠٠:٢٧:١٤.٨٨٦  INFO 12452 --- [main] org.hibernate.Version                    : HHH000412: Hibernate ORM core version 5.4.18.Final
٢٠٢٣-١٢-١١ ٠٠:٢٧:١٥.١٠١  INFO 12452 --- [main] o.hibernate.annotations.common.Version   : HCANN000001: Hibernate Commons Annotations {5.1.0.Final}
٢٠٢٣-١٢-١١ ٠٠:٢٧:١٥.٢٨٦  INFO 12452 --- [main] com.zaxxer.hikari.HikariDataSource       : HikariPool-1 - Starting...
٢٠٢٣-١٢-١١ ٠٠:٢٧:١٥.٥٧٠  INFO 12452 --- [main] com.zaxxer.hikari.HikariDataSource       : HikariPool-1 - Start completed.
٢٠٢٣-١٢-١١ ٠٠:٢٧:١٥.٦٠٤  INFO 12452 --- [main] org.hibernate.dialect.Dialect            : HHH000400: Using dialect: org.hibernate.dialect.H2Dialect
٢٠٢٣-١٢-١١ ٠٠:٢٧:١٧.١٣٨  INFO 12452 --- [main] o.h.e.t.j.p.i.JtaPlatformInitiator       : HHH000490: Using JtaPlatform implementation: [org.hibernate.engine.transaction.jta.platform.internal.NoJtaPlatform]
٢٠٢٣-١٢-١١ ٠٠:٢٧:١٧.١٤٧  INFO 12452 --- [main] j.LocalContainerEntityManagerFactoryBean : Initialized JPA EntityManagerFactory for persistence unit 'default'
٢٠٢٣-١٢-١١ ٠٠:٢٧:١٨.١٠٧  WARN 12452 --- [main] JpaBaseConfiguration$JpaWebConfiguration : spring.jpa.open-in-view is enabled by default. Therefore, database queries may be performed during view rendering. Explicitly configure spring.jpa.open-in-view to disable this warning
٢٠٢٣-١٢-١١ ٠٠:٢٧:١٩.٢٢٦  INFO 12452 --- [main] o.s.s.web.DefaultSecurityFilterChain     : Creating filter chain: any request, [org.springframework.security.web.context.request.async.WebAsyncManagerIntegrationFilter@fe38c0e, org.springframework.security.web.context.SecurityContextPersistenceFilter@75c15f76, org.springframework.security.web.header.HeaderWriterFilter@5cf3a7f9, org.springframework.web.filter.CorsFilter@6167c42f, org.springframework.security.web.authentication.logout.LogoutFilter@3921135e, com.example.demo.security.JWTAuthenticationFilter@2cbc2db2, com.example.demo.security.JWTAuthenticationVerficationFilter@2de96eba, org.springframework.security.web.savedrequest.RequestCacheAwareFilter@64d53f0d, org.springframework.security.web.servletapi.SecurityContextHolderAwareRequestFilter@20b67366, org.springframework.security.web.authentication.AnonymousAuthenticationFilter@3ef914f5, org.springframework.security.web.session.SessionManagementFilter@6c8ad6d7, org.springframework.security.web.access.ExceptionTranslationFilter@1760e688, org.springframework.security.web.access.intercept.FilterSecurityInterceptor@750457a5]
٢٠٢٣-١٢-١١ ٠٠:٢٧:١٩.٦٧٥  INFO 12452 --- [main] o.s.s.concurrent.ThreadPoolTaskExecutor  : Initializing ExecutorService 'applicationTaskExecutor'
٢٠٢٣-١٢-١١ ٠٠:٢٧:٢٠.٠٥١  INFO 12452 --- [main] c.example.demo.SareetaApplicationTests   : Started SareetaApplicationTests in 8.683 seconds (JVM running for 10.452)
٢٠٢٣-١٢-١١ ٠٠:٢٧:٢٠.٢٧٨  INFO 12452 --- [SpringContextShutdownHook] o.s.s.concurrent.ThreadPoolTaskExecutor  : Shutting down ExecutorService 'applicationTaskExecutor'
٢٠٢٣-١٢-١١ ٠٠:٢٧:٢٠.٢٨١  INFO 12452 --- [SpringContextShutdownHook] j.LocalContainerEntityManagerFactoryBean : Closing JPA EntityManagerFactory for persistence unit 'default'
٢٠٢٣-١٢-١١ ٠٠:٢٧:٢٠.٢٨٣  INFO 12452 --- [SpringContextShutdownHook] com.zaxxer.hikari.HikariDataSource       : HikariPool-1 - Shutdown initiated...
٢٠٢٣-١٢-١١ ٠٠:٢٧:٢٠.٢٨٨  INFO 12452 --- [SpringContextShutdownHook] com.zaxxer.hikari.HikariDataSource       : HikariPool-1 - Shutdown completed.
